mode: set
github.com/areeb529/bookings/internal/render/render.go:21.40,23.2 1 1
github.com/areeb529/bookings/internal/render/render.go:25.84,31.2 5 1
github.com/areeb529/bookings/internal/render/render.go:32.105,35.18 2 1
github.com/areeb529/bookings/internal/render/render.go:35.18,38.3 1 0
github.com/areeb529/bookings/internal/render/render.go:38.8,40.3 1 1
github.com/areeb529/bookings/internal/render/render.go:43.2,44.9 2 1
github.com/areeb529/bookings/internal/render/render.go:44.9,46.3 1 1
github.com/areeb529/bookings/internal/render/render.go:48.2,54.16 5 1
github.com/areeb529/bookings/internal/render/render.go:54.16,56.3 1 0
github.com/areeb529/bookings/internal/render/render.go:57.2,57.12 1 1
github.com/areeb529/bookings/internal/render/render.go:60.67,65.16 3 1
github.com/areeb529/bookings/internal/render/render.go:65.16,67.3 1 0
github.com/areeb529/bookings/internal/render/render.go:70.2,70.29 1 1
github.com/areeb529/bookings/internal/render/render.go:70.29,74.17 3 1
github.com/areeb529/bookings/internal/render/render.go:74.17,76.4 1 0
github.com/areeb529/bookings/internal/render/render.go:78.3,79.17 2 1
github.com/areeb529/bookings/internal/render/render.go:79.17,81.4 1 0
github.com/areeb529/bookings/internal/render/render.go:82.3,82.23 1 1
github.com/areeb529/bookings/internal/render/render.go:82.23,84.18 2 1
github.com/areeb529/bookings/internal/render/render.go:84.18,86.5 1 0
github.com/areeb529/bookings/internal/render/render.go:88.3,88.21 1 1
github.com/areeb529/bookings/internal/render/render.go:90.2,90.21 1 1
