mode: set
github.com/areeb529/bookings/internal/handlers/handlers.go:24.47,28.2 1 1
github.com/areeb529/bookings/internal/handlers/handlers.go:31.33,33.2 1 1
github.com/areeb529/bookings/internal/handlers/handlers.go:36.67,40.2 3 1
github.com/areeb529/bookings/internal/handlers/handlers.go:43.68,56.2 5 1
github.com/areeb529/bookings/internal/handlers/handlers.go:58.74,67.2 4 1
github.com/areeb529/bookings/internal/handlers/handlers.go:70.78,73.16 2 1
github.com/areeb529/bookings/internal/handlers/handlers.go:73.16,76.3 2 0
github.com/areeb529/bookings/internal/handlers/handlers.go:78.2,92.19 6 1
github.com/areeb529/bookings/internal/handlers/handlers.go:92.19,101.3 4 0
github.com/areeb529/bookings/internal/handlers/handlers.go:102.2,104.66 2 1
github.com/areeb529/bookings/internal/handlers/handlers.go:109.71,111.2 1 0
github.com/areeb529/bookings/internal/handlers/handlers.go:114.69,116.2 1 1
github.com/areeb529/bookings/internal/handlers/handlers.go:119.75,121.2 1 1
github.com/areeb529/bookings/internal/handlers/handlers.go:124.79,128.2 3 1
github.com/areeb529/bookings/internal/handlers/handlers.go:136.79,143.16 3 1
github.com/areeb529/bookings/internal/handlers/handlers.go:143.16,145.3 1 0
github.com/areeb529/bookings/internal/handlers/handlers.go:147.2,148.14 2 1
github.com/areeb529/bookings/internal/handlers/handlers.go:152.70,154.2 1 1
github.com/areeb529/bookings/internal/handlers/handlers.go:158.81,160.9 2 1
github.com/areeb529/bookings/internal/handlers/handlers.go:160.9,165.3 4 1
github.com/areeb529/bookings/internal/handlers/handlers.go:166.2,173.4 4 0
